ERROR - 2025-01-13 23:28:37 --> mysqli_sql_exception: Unknown column 'updated_at' in 'field list' in C:\wamp64\www\ecoeducar\painel\system\Database\MySQLi\Connection.php:312
Stack trace:
#0 C:\wamp64\www\ecoeducar\painel\system\Database\MySQLi\Connection.php(312): mysqli->query('INSERT INTO `po...', 0)
#1 C:\wamp64\www\ecoeducar\painel\system\Database\BaseConnection.php(734): CodeIgniter\Database\MySQLi\Connection->execute('INSERT INTO `po...')
#2 C:\wamp64\www\ecoeducar\painel\system\Database\BaseConnection.php(648): CodeIgniter\Database\BaseConnection->simpleQuery('INSERT INTO `po...')
#3 C:\wamp64\www\ecoeducar\painel\system\Database\BaseBuilder.php(2340): CodeIgniter\Database\BaseConnection->query('INSERT INTO `po...', Array, false)
#4 C:\wamp64\www\ecoeducar\painel\system\Model.php(394): CodeIgniter\Database\BaseBuilder->insert()
#5 C:\wamp64\www\ecoeducar\painel\system\BaseModel.php(839): CodeIgniter\Model->doInsert(Array)
#6 C:\wamp64\www\ecoeducar\painel\system\Model.php(800): CodeIgniter\BaseModel->insert(Array, true)
#7 C:\wamp64\www\ecoeducar\painel\app\Controllers\Posts.php(182): CodeIgniter\Model->insert(Array)
#8 C:\wamp64\www\ecoeducar\painel\system\CodeIgniter.php(933): App\Controllers\Posts->store()
#9 C:\wamp64\www\ecoeducar\painel\system\CodeIgniter.php(509): CodeIgniter\CodeIgniter->runController(Object(App\Controllers\Posts))
#10 C:\wamp64\www\ecoeducar\painel\system\CodeIgniter.php(355): CodeIgniter\CodeIgniter->handleRequest(NULL, Object(Config\Cache), false)
#11 C:\wamp64\www\ecoeducar\painel\system\Boot.php(334): CodeIgniter\CodeIgniter->run()
#12 C:\wamp64\www\ecoeducar\painel\system\Boot.php(67): CodeIgniter\Boot::runCodeIgniter(Object(CodeIgniter\CodeIgniter))
#13 C:\wamp64\www\ecoeducar\painel\public\index.php(56): CodeIgniter\Boot::bootWeb(Object(Config\Paths))
#14 {main}
CRITICAL - 2025-01-13 23:28:37 --> CodeIgniter\Database\Exceptions\DatabaseException: Unknown column 'updated_at' in 'field list'
[Method: POST, Route: posts/create-post]
in SYSTEMPATH\Database\BaseConnection.php on line 688.
 1 SYSTEMPATH\Database\BaseBuilder.php(2340): CodeIgniter\Database\BaseConnection->query('INSERT INTO `post_gallery` (`post_id`, `image_name`, `created_at`, `updated_at`) VALUES (:post_id:, :image_name:, :created_at:, :updated_at:)', [...], false)
 2 SYSTEMPATH\Model.php(394): CodeIgniter\Database\BaseBuilder->insert()
 3 SYSTEMPATH\BaseModel.php(839): CodeIgniter\Model->doInsert([...])
 4 SYSTEMPATH\Model.php(800): CodeIgniter\BaseModel->insert([...], true)
 5 APPPATH\Controllers\Posts.php(182): CodeIgniter\Model->insert([...])
 6 SYSTEMPATH\CodeIgniter.php(933): App\Controllers\Posts->store()
 7 SYSTEMPATH\CodeIgniter.php(509): CodeIgniter\CodeIgniter->runController(Object(App\Controllers\Posts))
 8 SYSTEMPATH\CodeIgniter.php(355): CodeIgniter\CodeIgniter->handleRequest(null, Object(Config\Cache), false)
 9 SYSTEMPATH\Boot.php(334): CodeIgniter\CodeIgniter->run()
10 SYSTEMPATH\Boot.php(67): CodeIgniter\Boot::runCodeIgniter(Object(CodeIgniter\CodeIgniter))
11 FCPATH\index.php(56): CodeIgniter\Boot::bootWeb(Object(Config\Paths))
CRITICAL - 2025-01-13 23:28:37 --> [Caused by] CodeIgniter\Database\Exceptions\DatabaseException: Unknown column 'updated_at' in 'field list'
in SYSTEMPATH\Database\MySQLi\Connection.php on line 317.
 1 SYSTEMPATH\Database\BaseConnection.php(734): CodeIgniter\Database\MySQLi\Connection->execute('INSERT INTO `post_gallery` (`post_id`, `image_name`, `created_at`, `updated_at`) VALUES (18, \'1736810917_8cee3e2c1f3a35fe4af9.jpg\', \'2025-01-13 23:28:37\', \'2025-01-13 23:28:37\')')
 2 SYSTEMPATH\Database\BaseConnection.php(648): CodeIgniter\Database\BaseConnection->simpleQuery('INSERT INTO `post_gallery` (`post_id`, `image_name`, `created_at`, `updated_at`) VALUES (18, \'1736810917_8cee3e2c1f3a35fe4af9.jpg\', \'2025-01-13 23:28:37\', \'2025-01-13 23:28:37\')')
 3 SYSTEMPATH\Database\BaseBuilder.php(2340): CodeIgniter\Database\BaseConnection->query('INSERT INTO `post_gallery` (`post_id`, `image_name`, `created_at`, `updated_at`) VALUES (:post_id:, :image_name:, :created_at:, :updated_at:)', [...], false)
 4 SYSTEMPATH\Model.php(394): CodeIgniter\Database\BaseBuilder->insert()
 5 SYSTEMPATH\BaseModel.php(839): CodeIgniter\Model->doInsert([...])
 6 SYSTEMPATH\Model.php(800): CodeIgniter\BaseModel->insert([...], true)
 7 APPPATH\Controllers\Posts.php(182): CodeIgniter\Model->insert([...])
 8 SYSTEMPATH\CodeIgniter.php(933): App\Controllers\Posts->store()
 9 SYSTEMPATH\CodeIgniter.php(509): CodeIgniter\CodeIgniter->runController(Object(App\Controllers\Posts))
10 SYSTEMPATH\CodeIgniter.php(355): CodeIgniter\CodeIgniter->handleRequest(null, Object(Config\Cache), false)
11 SYSTEMPATH\Boot.php(334): CodeIgniter\CodeIgniter->run()
12 SYSTEMPATH\Boot.php(67): CodeIgniter\Boot::runCodeIgniter(Object(CodeIgniter\CodeIgniter))
13 FCPATH\index.php(56): CodeIgniter\Boot::bootWeb(Object(Config\Paths))
CRITICAL - 2025-01-13 23:28:37 --> [Caused by] mysqli_sql_exception: Unknown column 'updated_at' in 'field list'
in SYSTEMPATH\Database\MySQLi\Connection.php on line 312.
 1 SYSTEMPATH\Database\MySQLi\Connection.php(312): mysqli->query('INSERT INTO `post_gallery` (`post_id`, `image_name`, `created_at`, `updated_at`) VALUES (18, \'1736810917_8cee3e2c1f3a35fe4af9.jpg\', \'2025-01-13 23:28:37\', \'2025-01-13 23:28:37\')', 0)
 2 SYSTEMPATH\Database\BaseConnection.php(734): CodeIgniter\Database\MySQLi\Connection->execute('INSERT INTO `post_gallery` (`post_id`, `image_name`, `created_at`, `updated_at`) VALUES (18, \'1736810917_8cee3e2c1f3a35fe4af9.jpg\', \'2025-01-13 23:28:37\', \'2025-01-13 23:28:37\')')
 3 SYSTEMPATH\Database\BaseConnection.php(648): CodeIgniter\Database\BaseConnection->simpleQuery('INSERT INTO `post_gallery` (`post_id`, `image_name`, `created_at`, `updated_at`) VALUES (18, \'1736810917_8cee3e2c1f3a35fe4af9.jpg\', \'2025-01-13 23:28:37\', \'2025-01-13 23:28:37\')')
 4 SYSTEMPATH\Database\BaseBuilder.php(2340): CodeIgniter\Database\BaseConnection->query('INSERT INTO `post_gallery` (`post_id`, `image_name`, `created_at`, `updated_at`) VALUES (:post_id:, :image_name:, :created_at:, :updated_at:)', [...], false)
 5 SYSTEMPATH\Model.php(394): CodeIgniter\Database\BaseBuilder->insert()
 6 SYSTEMPATH\BaseModel.php(839): CodeIgniter\Model->doInsert([...])
 7 SYSTEMPATH\Model.php(800): CodeIgniter\BaseModel->insert([...], true)
 8 APPPATH\Controllers\Posts.php(182): CodeIgniter\Model->insert([...])
 9 SYSTEMPATH\CodeIgniter.php(933): App\Controllers\Posts->store()
10 SYSTEMPATH\CodeIgniter.php(509): CodeIgniter\CodeIgniter->runController(Object(App\Controllers\Posts))
11 SYSTEMPATH\CodeIgniter.php(355): CodeIgniter\CodeIgniter->handleRequest(null, Object(Config\Cache), false)
12 SYSTEMPATH\Boot.php(334): CodeIgniter\CodeIgniter->run()
13 SYSTEMPATH\Boot.php(67): CodeIgniter\Boot::runCodeIgniter(Object(CodeIgniter\CodeIgniter))
14 FCPATH\index.php(56): CodeIgniter\Boot::bootWeb(Object(Config\Paths))
ERROR - 2025-01-13 23:46:58 --> mysqli_sql_exception: You have an error in your SQL syntax; check the manual that corresponds to your MySQL server version for the right syntax to use near ') VALUES (21, '1736812018_bdae1aa8ebc5a1b19064.jpg', '2025-01-13 23:46:58', '202' at line 1 in C:\wamp64\www\ecoeducar\painel\system\Database\MySQLi\Connection.php:312
Stack trace:
#0 C:\wamp64\www\ecoeducar\painel\system\Database\MySQLi\Connection.php(312): mysqli->query('INSERT INTO `po...', 0)
#1 C:\wamp64\www\ecoeducar\painel\system\Database\BaseConnection.php(734): CodeIgniter\Database\MySQLi\Connection->execute('INSERT INTO `po...')
#2 C:\wamp64\www\ecoeducar\painel\system\Database\BaseConnection.php(648): CodeIgniter\Database\BaseConnection->simpleQuery('INSERT INTO `po...')
#3 C:\wamp64\www\ecoeducar\painel\system\Database\BaseBuilder.php(2340): CodeIgniter\Database\BaseConnection->query('INSERT INTO `po...', Array, false)
#4 C:\wamp64\www\ecoeducar\painel\system\Model.php(394): CodeIgniter\Database\BaseBuilder->insert()
#5 C:\wamp64\www\ecoeducar\painel\system\BaseModel.php(839): CodeIgniter\Model->doInsert(Array)
#6 C:\wamp64\www\ecoeducar\painel\system\Model.php(800): CodeIgniter\BaseModel->insert(Array, true)
#7 C:\wamp64\www\ecoeducar\painel\app\Controllers\Posts.php(181): CodeIgniter\Model->insert(Array)
#8 C:\wamp64\www\ecoeducar\painel\system\CodeIgniter.php(933): App\Controllers\Posts->store()
#9 C:\wamp64\www\ecoeducar\painel\system\CodeIgniter.php(509): CodeIgniter\CodeIgniter->runController(Object(App\Controllers\Posts))
#10 C:\wamp64\www\ecoeducar\painel\system\CodeIgniter.php(355): CodeIgniter\CodeIgniter->handleRequest(NULL, Object(Config\Cache), false)
#11 C:\wamp64\www\ecoeducar\painel\system\Boot.php(334): CodeIgniter\CodeIgniter->run()
#12 C:\wamp64\www\ecoeducar\painel\system\Boot.php(67): CodeIgniter\Boot::runCodeIgniter(Object(CodeIgniter\CodeIgniter))
#13 C:\wamp64\www\ecoeducar\painel\public\index.php(56): CodeIgniter\Boot::bootWeb(Object(Config\Paths))
#14 {main}
CRITICAL - 2025-01-13 23:46:58 --> CodeIgniter\Database\Exceptions\DatabaseException: You have an error in your SQL syntax; check the manual that corresponds to your MySQL server version for the right syntax to use near ') VALUES (21, '1736812018_bdae1aa8ebc5a1b19064.jpg', '2025-01-13 23:46:58', '202' at line 1
[Method: POST, Route: posts/create-post]
in SYSTEMPATH\Database\BaseConnection.php on line 688.
 1 SYSTEMPATH\Database\BaseBuilder.php(2340): CodeIgniter\Database\BaseConnection->query('INSERT INTO `post_gallery` (`post_id`, `image_name`, `created_at`, ) VALUES (:post_id:, :image_name:, :created_at:, ::)', [...], false)
 2 SYSTEMPATH\Model.php(394): CodeIgniter\Database\BaseBuilder->insert()
 3 SYSTEMPATH\BaseModel.php(839): CodeIgniter\Model->doInsert([...])
 4 SYSTEMPATH\Model.php(800): CodeIgniter\BaseModel->insert([...], true)
 5 APPPATH\Controllers\Posts.php(181): CodeIgniter\Model->insert([...])
 6 SYSTEMPATH\CodeIgniter.php(933): App\Controllers\Posts->store()
 7 SYSTEMPATH\CodeIgniter.php(509): CodeIgniter\CodeIgniter->runController(Object(App\Controllers\Posts))
 8 SYSTEMPATH\CodeIgniter.php(355): CodeIgniter\CodeIgniter->handleRequest(null, Object(Config\Cache), false)
 9 SYSTEMPATH\Boot.php(334): CodeIgniter\CodeIgniter->run()
10 SYSTEMPATH\Boot.php(67): CodeIgniter\Boot::runCodeIgniter(Object(CodeIgniter\CodeIgniter))
11 FCPATH\index.php(56): CodeIgniter\Boot::bootWeb(Object(Config\Paths))
CRITICAL - 2025-01-13 23:46:58 --> [Caused by] CodeIgniter\Database\Exceptions\DatabaseException: You have an error in your SQL syntax; check the manual that corresponds to your MySQL server version for the right syntax to use near ') VALUES (21, '1736812018_bdae1aa8ebc5a1b19064.jpg', '2025-01-13 23:46:58', '202' at line 1
in SYSTEMPATH\Database\MySQLi\Connection.php on line 317.
 1 SYSTEMPATH\Database\BaseConnection.php(734): CodeIgniter\Database\MySQLi\Connection->execute('INSERT INTO `post_gallery` (`post_id`, `image_name`, `created_at`, ) VALUES (21, \'1736812018_bdae1aa8ebc5a1b19064.jpg\', \'2025-01-13 23:46:58\', \'2025-01-13 23:46:58\')')
 2 SYSTEMPATH\Database\BaseConnection.php(648): CodeIgniter\Database\BaseConnection->simpleQuery('INSERT INTO `post_gallery` (`post_id`, `image_name`, `created_at`, ) VALUES (21, \'1736812018_bdae1aa8ebc5a1b19064.jpg\', \'2025-01-13 23:46:58\', \'2025-01-13 23:46:58\')')
 3 SYSTEMPATH\Database\BaseBuilder.php(2340): CodeIgniter\Database\BaseConnection->query('INSERT INTO `post_gallery` (`post_id`, `image_name`, `created_at`, ) VALUES (:post_id:, :image_name:, :created_at:, ::)', [...], false)
 4 SYSTEMPATH\Model.php(394): CodeIgniter\Database\BaseBuilder->insert()
 5 SYSTEMPATH\BaseModel.php(839): CodeIgniter\Model->doInsert([...])
 6 SYSTEMPATH\Model.php(800): CodeIgniter\BaseModel->insert([...], true)
 7 APPPATH\Controllers\Posts.php(181): CodeIgniter\Model->insert([...])
 8 SYSTEMPATH\CodeIgniter.php(933): App\Controllers\Posts->store()
 9 SYSTEMPATH\CodeIgniter.php(509): CodeIgniter\CodeIgniter->runController(Object(App\Controllers\Posts))
10 SYSTEMPATH\CodeIgniter.php(355): CodeIgniter\CodeIgniter->handleRequest(null, Object(Config\Cache), false)
11 SYSTEMPATH\Boot.php(334): CodeIgniter\CodeIgniter->run()
12 SYSTEMPATH\Boot.php(67): CodeIgniter\Boot::runCodeIgniter(Object(CodeIgniter\CodeIgniter))
13 FCPATH\index.php(56): CodeIgniter\Boot::bootWeb(Object(Config\Paths))
CRITICAL - 2025-01-13 23:46:58 --> [Caused by] mysqli_sql_exception: You have an error in your SQL syntax; check the manual that corresponds to your MySQL server version for the right syntax to use near ') VALUES (21, '1736812018_bdae1aa8ebc5a1b19064.jpg', '2025-01-13 23:46:58', '202' at line 1
in SYSTEMPATH\Database\MySQLi\Connection.php on line 312.
 1 SYSTEMPATH\Database\MySQLi\Connection.php(312): mysqli->query('INSERT INTO `post_gallery` (`post_id`, `image_name`, `created_at`, ) VALUES (21, \'1736812018_bdae1aa8ebc5a1b19064.jpg\', \'2025-01-13 23:46:58\', \'2025-01-13 23:46:58\')', 0)
 2 SYSTEMPATH\Database\BaseConnection.php(734): CodeIgniter\Database\MySQLi\Connection->execute('INSERT INTO `post_gallery` (`post_id`, `image_name`, `created_at`, ) VALUES (21, \'1736812018_bdae1aa8ebc5a1b19064.jpg\', \'2025-01-13 23:46:58\', \'2025-01-13 23:46:58\')')
 3 SYSTEMPATH\Database\BaseConnection.php(648): CodeIgniter\Database\BaseConnection->simpleQuery('INSERT INTO `post_gallery` (`post_id`, `image_name`, `created_at`, ) VALUES (21, \'1736812018_bdae1aa8ebc5a1b19064.jpg\', \'2025-01-13 23:46:58\', \'2025-01-13 23:46:58\')')
 4 SYSTEMPATH\Database\BaseBuilder.php(2340): CodeIgniter\Database\BaseConnection->query('INSERT INTO `post_gallery` (`post_id`, `image_name`, `created_at`, ) VALUES (:post_id:, :image_name:, :created_at:, ::)', [...], false)
 5 SYSTEMPATH\Model.php(394): CodeIgniter\Database\BaseBuilder->insert()
 6 SYSTEMPATH\BaseModel.php(839): CodeIgniter\Model->doInsert([...])
 7 SYSTEMPATH\Model.php(800): CodeIgniter\BaseModel->insert([...], true)
 8 APPPATH\Controllers\Posts.php(181): CodeIgniter\Model->insert([...])
 9 SYSTEMPATH\CodeIgniter.php(933): App\Controllers\Posts->store()
10 SYSTEMPATH\CodeIgniter.php(509): CodeIgniter\CodeIgniter->runController(Object(App\Controllers\Posts))
11 SYSTEMPATH\CodeIgniter.php(355): CodeIgniter\CodeIgniter->handleRequest(null, Object(Config\Cache), false)
12 SYSTEMPATH\Boot.php(334): CodeIgniter\CodeIgniter->run()
13 SYSTEMPATH\Boot.php(67): CodeIgniter\Boot::runCodeIgniter(Object(CodeIgniter\CodeIgniter))
14 FCPATH\index.php(56): CodeIgniter\Boot::bootWeb(Object(Config\Paths))
CRITICAL - 2025-01-13 23:52:39 --> ErrorException: filesize(): stat failed for assets/image/posts/gallery/1736812347_1a6e8315b1a1ac2dc74d.jpg
[Method: GET, Route: posts/edit/22]
in APPPATH\Views\templates\footer.php on line 61.
 1 [internal function]: CodeIgniter\Debug\Exceptions->errorHandler(2, 'filesize(): stat failed for assets/image/posts/gallery/1736812347_1a6e8315b1a1ac2dc74d.jpg', 'C:\\wamp64\\www\\ecoeducar\\painel\\app\\Views\\templates\\footer.php', 61)
 2 APPPATH\Views\templates\footer.php(61): filesize('assets/image/posts/gallery/1736812347_1a6e8315b1a1ac2dc74d.jpg')
 3 SYSTEMPATH\View\View.php(234): include('C:\\wamp64\\www\\ecoeducar\\painel\\app\\Views\\templates\\footer.php')
 4 SYSTEMPATH\View\View.php(237): CodeIgniter\View\View->CodeIgniter\View\{closure}()
 5 SYSTEMPATH\Common.php(1171): CodeIgniter\View\View->render('templates/footer', [], true)
 6 APPPATH\Controllers\Posts.php(128): view('templates/footer', [...])
 7 SYSTEMPATH\CodeIgniter.php(933): App\Controllers\Posts->edit('22')
 8 SYSTEMPATH\CodeIgniter.php(509): CodeIgniter\CodeIgniter->runController(Object(App\Controllers\Posts))
 9 SYSTEMPATH\CodeIgniter.php(355): CodeIgniter\CodeIgniter->handleRequest(null, Object(Config\Cache), false)
10 SYSTEMPATH\Boot.php(334): CodeIgniter\CodeIgniter->run()
11 SYSTEMPATH\Boot.php(67): CodeIgniter\Boot::runCodeIgniter(Object(CodeIgniter\CodeIgniter))
12 FCPATH\index.php(56): CodeIgniter\Boot::bootWeb(Object(Config\Paths))
CRITICAL - 2025-01-13 23:58:57 --> ErrorException: filesize(): stat failed for http://localhost/ecoeducar/assets/image/posts/gallery/1736812347_1a6e8315b1a1ac2dc74d.jpg
[Method: GET, Route: posts/edit/22]
in APPPATH\Views\templates\footer.php on line 61.
 1 [internal function]: CodeIgniter\Debug\Exceptions->errorHandler(2, 'filesize(): stat failed for http://localhost/ecoeducar/assets/image/posts/gallery/1736812347_1a6e8315b1a1ac2dc74d.jpg', 'C:\\wamp64\\www\\ecoeducar\\painel\\app\\Views\\templates\\footer.php', 61)
 2 APPPATH\Views\templates\footer.php(61): filesize('http://localhost/ecoeducar/assets/image/posts/gallery/1736812347_1a6e8315b1a1ac2dc74d.jpg')
 3 SYSTEMPATH\View\View.php(234): include('C:\\wamp64\\www\\ecoeducar\\painel\\app\\Views\\templates\\footer.php')
 4 SYSTEMPATH\View\View.php(237): CodeIgniter\View\View->CodeIgniter\View\{closure}()
 5 SYSTEMPATH\Common.php(1171): CodeIgniter\View\View->render('templates/footer', [], true)
 6 APPPATH\Controllers\Posts.php(128): view('templates/footer', [...])
 7 SYSTEMPATH\CodeIgniter.php(933): App\Controllers\Posts->edit('22')
 8 SYSTEMPATH\CodeIgniter.php(509): CodeIgniter\CodeIgniter->runController(Object(App\Controllers\Posts))
 9 SYSTEMPATH\CodeIgniter.php(355): CodeIgniter\CodeIgniter->handleRequest(null, Object(Config\Cache), false)
10 SYSTEMPATH\Boot.php(334): CodeIgniter\CodeIgniter->run()
11 SYSTEMPATH\Boot.php(67): CodeIgniter\Boot::runCodeIgniter(Object(CodeIgniter\CodeIgniter))
12 FCPATH\index.php(56): CodeIgniter\Boot::bootWeb(Object(Config\Paths))
