ERROR - 2024-12-30 20:02:09 --> Error connecting to the database: mysqli_sql_exception: Unknown database 'acoeducar' in C:\wamp64\www\ecoeducar\painel\system\Database\MySQLi\Connection.php:186
Stack trace:
#0 C:\wamp64\www\ecoeducar\painel\system\Database\MySQLi\Connection.php(186): mysqli->real_connect('localhost', 'root', Object(SensitiveParameterValue), 'acoeducar', 3306, '', 0)
#1 C:\wamp64\www\ecoeducar\painel\system\Database\BaseConnection.php(421): CodeIgniter\Database\MySQLi\Connection->connect(false)
#2 C:\wamp64\www\ecoeducar\painel\system\Database\BaseConnection.php(616): CodeIgniter\Database\BaseConnection->initialize()
#3 C:\wamp64\www\ecoeducar\painel\system\Database\BaseBuilder.php(1644): CodeIgniter\Database\BaseConnection->query('SELECT *\nFROM `...', Array, false)
#4 C:\wamp64\www\ecoeducar\painel\system\Model.php(330): CodeIgniter\Database\BaseBuilder->get()
#5 C:\wamp64\www\ecoeducar\painel\system\BaseModel.php(713): CodeIgniter\Model->doFirst()
#6 C:\wamp64\www\ecoeducar\painel\app\Controllers\Auth.php(31): CodeIgniter\BaseModel->first()
#7 C:\wamp64\www\ecoeducar\painel\system\CodeIgniter.php(933): App\Controllers\Auth->processLogin()
#8 C:\wamp64\www\ecoeducar\painel\system\CodeIgniter.php(509): CodeIgniter\CodeIgniter->runController(Object(App\Controllers\Auth))
#9 C:\wamp64\www\ecoeducar\painel\system\CodeIgniter.php(355): CodeIgniter\CodeIgniter->handleRequest(NULL, Object(Config\Cache), false)
#10 C:\wamp64\www\ecoeducar\painel\system\Boot.php(334): CodeIgniter\CodeIgniter->run()
#11 C:\wamp64\www\ecoeducar\painel\system\Boot.php(67): CodeIgniter\Boot::runCodeIgniter(Object(CodeIgniter\CodeIgniter))
#12 C:\wamp64\www\ecoeducar\painel\public\index.php(56): CodeIgniter\Boot::bootWeb(Object(Config\Paths))
#13 {main}

Next CodeIgniter\Database\Exceptions\DatabaseException: Unknown database 'acoeducar' in C:\wamp64\www\ecoeducar\painel\system\Database\MySQLi\Connection.php:231
Stack trace:
#0 C:\wamp64\www\ecoeducar\painel\system\Database\BaseConnection.php(421): CodeIgniter\Database\MySQLi\Connection->connect(false)
#1 C:\wamp64\www\ecoeducar\painel\system\Database\BaseConnection.php(616): CodeIgniter\Database\BaseConnection->initialize()
#2 C:\wamp64\www\ecoeducar\painel\system\Database\BaseBuilder.php(1644): CodeIgniter\Database\BaseConnection->query('SELECT *\nFROM `...', Array, false)
#3 C:\wamp64\www\ecoeducar\painel\system\Model.php(330): CodeIgniter\Database\BaseBuilder->get()
#4 C:\wamp64\www\ecoeducar\painel\system\BaseModel.php(713): CodeIgniter\Model->doFirst()
#5 C:\wamp64\www\ecoeducar\painel\app\Controllers\Auth.php(31): CodeIgniter\BaseModel->first()
#6 C:\wamp64\www\ecoeducar\painel\system\CodeIgniter.php(933): App\Controllers\Auth->processLogin()
#7 C:\wamp64\www\ecoeducar\painel\system\CodeIgniter.php(509): CodeIgniter\CodeIgniter->runController(Object(App\Controllers\Auth))
#8 C:\wamp64\www\ecoeducar\painel\system\CodeIgniter.php(355): CodeIgniter\CodeIgniter->handleRequest(NULL, Object(Config\Cache), false)
#9 C:\wamp64\www\ecoeducar\painel\system\Boot.php(334): CodeIgniter\CodeIgniter->run()
#10 C:\wamp64\www\ecoeducar\painel\system\Boot.php(67): CodeIgniter\Boot::runCodeIgniter(Object(CodeIgniter\CodeIgniter))
#11 C:\wamp64\www\ecoeducar\painel\public\index.php(56): CodeIgniter\Boot::bootWeb(Object(Config\Paths))
#12 {main}
CRITICAL - 2024-12-30 20:02:09 --> CodeIgniter\Database\Exceptions\DatabaseException: Unable to connect to the database.
Main connection [MySQLi]: Unknown database 'acoeducar'
[Method: POST, Route: validate-login]
in SYSTEMPATH\Database\BaseConnection.php on line 467.
 1 SYSTEMPATH\Database\BaseConnection.php(616): CodeIgniter\Database\BaseConnection->initialize()
 2 SYSTEMPATH\Database\BaseBuilder.php(1644): CodeIgniter\Database\BaseConnection->query('SELECT *
FROM `users`
WHERE `email` = :email:
AND `deleted_at` IS NULL
AND `users`.`deleted_at` IS NULL
 LIMIT 1', [...], false)
 3 SYSTEMPATH\Model.php(330): CodeIgniter\Database\BaseBuilder->get()
 4 SYSTEMPATH\BaseModel.php(713): CodeIgniter\Model->doFirst()
 5 APPPATH\Controllers\Auth.php(31): CodeIgniter\BaseModel->first()
 6 SYSTEMPATH\CodeIgniter.php(933): App\Controllers\Auth->processLogin()
 7 SYSTEMPATH\CodeIgniter.php(509): CodeIgniter\CodeIgniter->runController(Object(App\Controllers\Auth))
 8 SYSTEMPATH\CodeIgniter.php(355): CodeIgniter\CodeIgniter->handleRequest(null, Object(Config\Cache), false)
 9 SYSTEMPATH\Boot.php(334): CodeIgniter\CodeIgniter->run()
10 SYSTEMPATH\Boot.php(67): CodeIgniter\Boot::runCodeIgniter(Object(CodeIgniter\CodeIgniter))
11 FCPATH\index.php(56): CodeIgniter\Boot::bootWeb(Object(Config\Paths))
ERROR - 2024-12-30 20:06:05 --> Error connecting to the database: mysqli_sql_exception: Unknown database 'acoeducar' in C:\wamp64\www\ecoeducar\painel\system\Database\MySQLi\Connection.php:186
Stack trace:
#0 C:\wamp64\www\ecoeducar\painel\system\Database\MySQLi\Connection.php(186): mysqli->real_connect('localhost', 'root', Object(SensitiveParameterValue), 'acoeducar', 3306, '', 0)
#1 C:\wamp64\www\ecoeducar\painel\system\Database\BaseConnection.php(421): CodeIgniter\Database\MySQLi\Connection->connect(false)
#2 C:\wamp64\www\ecoeducar\painel\system\Database\BaseConnection.php(616): CodeIgniter\Database\BaseConnection->initialize()
#3 C:\wamp64\www\ecoeducar\painel\system\Database\BaseBuilder.php(1644): CodeIgniter\Database\BaseConnection->query('SELECT *\nFROM `...', Array, false)
#4 C:\wamp64\www\ecoeducar\painel\system\Model.php(330): CodeIgniter\Database\BaseBuilder->get()
#5 C:\wamp64\www\ecoeducar\painel\system\BaseModel.php(713): CodeIgniter\Model->doFirst()
#6 C:\wamp64\www\ecoeducar\painel\app\Controllers\Auth.php(32): CodeIgniter\BaseModel->first()
#7 C:\wamp64\www\ecoeducar\painel\system\CodeIgniter.php(933): App\Controllers\Auth->processLogin()
#8 C:\wamp64\www\ecoeducar\painel\system\CodeIgniter.php(509): CodeIgniter\CodeIgniter->runController(Object(App\Controllers\Auth))
#9 C:\wamp64\www\ecoeducar\painel\system\CodeIgniter.php(355): CodeIgniter\CodeIgniter->handleRequest(NULL, Object(Config\Cache), false)
#10 C:\wamp64\www\ecoeducar\painel\system\Boot.php(334): CodeIgniter\CodeIgniter->run()
#11 C:\wamp64\www\ecoeducar\painel\system\Boot.php(67): CodeIgniter\Boot::runCodeIgniter(Object(CodeIgniter\CodeIgniter))
#12 C:\wamp64\www\ecoeducar\painel\public\index.php(56): CodeIgniter\Boot::bootWeb(Object(Config\Paths))
#13 {main}

Next CodeIgniter\Database\Exceptions\DatabaseException: Unknown database 'acoeducar' in C:\wamp64\www\ecoeducar\painel\system\Database\MySQLi\Connection.php:231
Stack trace:
#0 C:\wamp64\www\ecoeducar\painel\system\Database\BaseConnection.php(421): CodeIgniter\Database\MySQLi\Connection->connect(false)
#1 C:\wamp64\www\ecoeducar\painel\system\Database\BaseConnection.php(616): CodeIgniter\Database\BaseConnection->initialize()
#2 C:\wamp64\www\ecoeducar\painel\system\Database\BaseBuilder.php(1644): CodeIgniter\Database\BaseConnection->query('SELECT *\nFROM `...', Array, false)
#3 C:\wamp64\www\ecoeducar\painel\system\Model.php(330): CodeIgniter\Database\BaseBuilder->get()
#4 C:\wamp64\www\ecoeducar\painel\system\BaseModel.php(713): CodeIgniter\Model->doFirst()
#5 C:\wamp64\www\ecoeducar\painel\app\Controllers\Auth.php(32): CodeIgniter\BaseModel->first()
#6 C:\wamp64\www\ecoeducar\painel\system\CodeIgniter.php(933): App\Controllers\Auth->processLogin()
#7 C:\wamp64\www\ecoeducar\painel\system\CodeIgniter.php(509): CodeIgniter\CodeIgniter->runController(Object(App\Controllers\Auth))
#8 C:\wamp64\www\ecoeducar\painel\system\CodeIgniter.php(355): CodeIgniter\CodeIgniter->handleRequest(NULL, Object(Config\Cache), false)
#9 C:\wamp64\www\ecoeducar\painel\system\Boot.php(334): CodeIgniter\CodeIgniter->run()
#10 C:\wamp64\www\ecoeducar\painel\system\Boot.php(67): CodeIgniter\Boot::runCodeIgniter(Object(CodeIgniter\CodeIgniter))
#11 C:\wamp64\www\ecoeducar\painel\public\index.php(56): CodeIgniter\Boot::bootWeb(Object(Config\Paths))
#12 {main}
CRITICAL - 2024-12-30 20:06:05 --> CodeIgniter\Database\Exceptions\DatabaseException: Unable to connect to the database.
Main connection [MySQLi]: Unknown database 'acoeducar'
[Method: POST, Route: validate-login]
in SYSTEMPATH\Database\BaseConnection.php on line 467.
 1 SYSTEMPATH\Database\BaseConnection.php(616): CodeIgniter\Database\BaseConnection->initialize()
 2 SYSTEMPATH\Database\BaseBuilder.php(1644): CodeIgniter\Database\BaseConnection->query('SELECT *
FROM `users`
WHERE `email` = :email:
AND `deleted_at` IS NULL
AND `users`.`deleted_at` IS NULL
 LIMIT 1', [...], false)
 3 SYSTEMPATH\Model.php(330): CodeIgniter\Database\BaseBuilder->get()
 4 SYSTEMPATH\BaseModel.php(713): CodeIgniter\Model->doFirst()
 5 APPPATH\Controllers\Auth.php(32): CodeIgniter\BaseModel->first()
 6 SYSTEMPATH\CodeIgniter.php(933): App\Controllers\Auth->processLogin()
 7 SYSTEMPATH\CodeIgniter.php(509): CodeIgniter\CodeIgniter->runController(Object(App\Controllers\Auth))
 8 SYSTEMPATH\CodeIgniter.php(355): CodeIgniter\CodeIgniter->handleRequest(null, Object(Config\Cache), false)
 9 SYSTEMPATH\Boot.php(334): CodeIgniter\CodeIgniter->run()
10 SYSTEMPATH\Boot.php(67): CodeIgniter\Boot::runCodeIgniter(Object(CodeIgniter\CodeIgniter))
11 FCPATH\index.php(56): CodeIgniter\Boot::bootWeb(Object(Config\Paths))
ERROR - 2024-12-30 20:14:19 --> Error connecting to the database: mysqli_sql_exception: Unknown database 'acoeducar' in C:\wamp64\www\ecoeducar\painel\system\Database\MySQLi\Connection.php:186
Stack trace:
#0 C:\wamp64\www\ecoeducar\painel\system\Database\MySQLi\Connection.php(186): mysqli->real_connect('localhost', 'root', Object(SensitiveParameterValue), 'acoeducar', 3306, '', 0)
#1 C:\wamp64\www\ecoeducar\painel\system\Database\BaseConnection.php(421): CodeIgniter\Database\MySQLi\Connection->connect(false)
#2 C:\wamp64\www\ecoeducar\painel\system\Database\BaseConnection.php(616): CodeIgniter\Database\BaseConnection->initialize()
#3 C:\wamp64\www\ecoeducar\painel\system\Database\BaseBuilder.php(1644): CodeIgniter\Database\BaseConnection->query('SELECT *\nFROM `...', Array, false)
#4 C:\wamp64\www\ecoeducar\painel\system\Model.php(330): CodeIgniter\Database\BaseBuilder->get()
#5 C:\wamp64\www\ecoeducar\painel\system\BaseModel.php(713): CodeIgniter\Model->doFirst()
#6 C:\wamp64\www\ecoeducar\painel\app\Controllers\Auth.php(32): CodeIgniter\BaseModel->first()
#7 C:\wamp64\www\ecoeducar\painel\system\CodeIgniter.php(933): App\Controllers\Auth->processLogin()
#8 C:\wamp64\www\ecoeducar\painel\system\CodeIgniter.php(509): CodeIgniter\CodeIgniter->runController(Object(App\Controllers\Auth))
#9 C:\wamp64\www\ecoeducar\painel\system\CodeIgniter.php(355): CodeIgniter\CodeIgniter->handleRequest(NULL, Object(Config\Cache), false)
#10 C:\wamp64\www\ecoeducar\painel\system\Boot.php(334): CodeIgniter\CodeIgniter->run()
#11 C:\wamp64\www\ecoeducar\painel\system\Boot.php(67): CodeIgniter\Boot::runCodeIgniter(Object(CodeIgniter\CodeIgniter))
#12 C:\wamp64\www\ecoeducar\painel\public\index.php(56): CodeIgniter\Boot::bootWeb(Object(Config\Paths))
#13 {main}

Next CodeIgniter\Database\Exceptions\DatabaseException: Unknown database 'acoeducar' in C:\wamp64\www\ecoeducar\painel\system\Database\MySQLi\Connection.php:231
Stack trace:
#0 C:\wamp64\www\ecoeducar\painel\system\Database\BaseConnection.php(421): CodeIgniter\Database\MySQLi\Connection->connect(false)
#1 C:\wamp64\www\ecoeducar\painel\system\Database\BaseConnection.php(616): CodeIgniter\Database\BaseConnection->initialize()
#2 C:\wamp64\www\ecoeducar\painel\system\Database\BaseBuilder.php(1644): CodeIgniter\Database\BaseConnection->query('SELECT *\nFROM `...', Array, false)
#3 C:\wamp64\www\ecoeducar\painel\system\Model.php(330): CodeIgniter\Database\BaseBuilder->get()
#4 C:\wamp64\www\ecoeducar\painel\system\BaseModel.php(713): CodeIgniter\Model->doFirst()
#5 C:\wamp64\www\ecoeducar\painel\app\Controllers\Auth.php(32): CodeIgniter\BaseModel->first()
#6 C:\wamp64\www\ecoeducar\painel\system\CodeIgniter.php(933): App\Controllers\Auth->processLogin()
#7 C:\wamp64\www\ecoeducar\painel\system\CodeIgniter.php(509): CodeIgniter\CodeIgniter->runController(Object(App\Controllers\Auth))
#8 C:\wamp64\www\ecoeducar\painel\system\CodeIgniter.php(355): CodeIgniter\CodeIgniter->handleRequest(NULL, Object(Config\Cache), false)
#9 C:\wamp64\www\ecoeducar\painel\system\Boot.php(334): CodeIgniter\CodeIgniter->run()
#10 C:\wamp64\www\ecoeducar\painel\system\Boot.php(67): CodeIgniter\Boot::runCodeIgniter(Object(CodeIgniter\CodeIgniter))
#11 C:\wamp64\www\ecoeducar\painel\public\index.php(56): CodeIgniter\Boot::bootWeb(Object(Config\Paths))
#12 {main}
CRITICAL - 2024-12-30 20:14:19 --> CodeIgniter\Database\Exceptions\DatabaseException: Unable to connect to the database.
Main connection [MySQLi]: Unknown database 'acoeducar'
[Method: POST, Route: validate-login]
in SYSTEMPATH\Database\BaseConnection.php on line 467.
 1 SYSTEMPATH\Database\BaseConnection.php(616): CodeIgniter\Database\BaseConnection->initialize()
 2 SYSTEMPATH\Database\BaseBuilder.php(1644): CodeIgniter\Database\BaseConnection->query('SELECT *
FROM `users`
WHERE `email` = :email:
AND `deleted_at` IS NULL
AND `users`.`deleted_at` IS NULL
 LIMIT 1', [...], false)
 3 SYSTEMPATH\Model.php(330): CodeIgniter\Database\BaseBuilder->get()
 4 SYSTEMPATH\BaseModel.php(713): CodeIgniter\Model->doFirst()
 5 APPPATH\Controllers\Auth.php(32): CodeIgniter\BaseModel->first()
 6 SYSTEMPATH\CodeIgniter.php(933): App\Controllers\Auth->processLogin()
 7 SYSTEMPATH\CodeIgniter.php(509): CodeIgniter\CodeIgniter->runController(Object(App\Controllers\Auth))
 8 SYSTEMPATH\CodeIgniter.php(355): CodeIgniter\CodeIgniter->handleRequest(null, Object(Config\Cache), false)
 9 SYSTEMPATH\Boot.php(334): CodeIgniter\CodeIgniter->run()
10 SYSTEMPATH\Boot.php(67): CodeIgniter\Boot::runCodeIgniter(Object(CodeIgniter\CodeIgniter))
11 FCPATH\index.php(56): CodeIgniter\Boot::bootWeb(Object(Config\Paths))
ERROR - 2024-12-30 20:20:17 --> Error connecting to the database: mysqli_sql_exception: Unknown database 'acoeducar' in C:\wamp64\www\ecoeducar\painel\system\Database\MySQLi\Connection.php:186
Stack trace:
#0 C:\wamp64\www\ecoeducar\painel\system\Database\MySQLi\Connection.php(186): mysqli->real_connect('localhost', 'root', Object(SensitiveParameterValue), 'acoeducar', 3306, '', 0)
#1 C:\wamp64\www\ecoeducar\painel\system\Database\BaseConnection.php(421): CodeIgniter\Database\MySQLi\Connection->connect(false)
#2 C:\wamp64\www\ecoeducar\painel\system\Database\BaseConnection.php(616): CodeIgniter\Database\BaseConnection->initialize()
#3 C:\wamp64\www\ecoeducar\painel\system\Database\BaseBuilder.php(1644): CodeIgniter\Database\BaseConnection->query('SELECT *\nFROM `...', Array, false)
#4 C:\wamp64\www\ecoeducar\painel\system\Model.php(330): CodeIgniter\Database\BaseBuilder->get()
#5 C:\wamp64\www\ecoeducar\painel\system\BaseModel.php(713): CodeIgniter\Model->doFirst()
#6 C:\wamp64\www\ecoeducar\painel\app\Controllers\Auth.php(35): CodeIgniter\BaseModel->first()
#7 C:\wamp64\www\ecoeducar\painel\system\CodeIgniter.php(933): App\Controllers\Auth->processLogin()
#8 C:\wamp64\www\ecoeducar\painel\system\CodeIgniter.php(509): CodeIgniter\CodeIgniter->runController(Object(App\Controllers\Auth))
#9 C:\wamp64\www\ecoeducar\painel\system\CodeIgniter.php(355): CodeIgniter\CodeIgniter->handleRequest(NULL, Object(Config\Cache), false)
#10 C:\wamp64\www\ecoeducar\painel\system\Boot.php(334): CodeIgniter\CodeIgniter->run()
#11 C:\wamp64\www\ecoeducar\painel\system\Boot.php(67): CodeIgniter\Boot::runCodeIgniter(Object(CodeIgniter\CodeIgniter))
#12 C:\wamp64\www\ecoeducar\painel\public\index.php(56): CodeIgniter\Boot::bootWeb(Object(Config\Paths))
#13 {main}

Next CodeIgniter\Database\Exceptions\DatabaseException: Unknown database 'acoeducar' in C:\wamp64\www\ecoeducar\painel\system\Database\MySQLi\Connection.php:231
Stack trace:
#0 C:\wamp64\www\ecoeducar\painel\system\Database\BaseConnection.php(421): CodeIgniter\Database\MySQLi\Connection->connect(false)
#1 C:\wamp64\www\ecoeducar\painel\system\Database\BaseConnection.php(616): CodeIgniter\Database\BaseConnection->initialize()
#2 C:\wamp64\www\ecoeducar\painel\system\Database\BaseBuilder.php(1644): CodeIgniter\Database\BaseConnection->query('SELECT *\nFROM `...', Array, false)
#3 C:\wamp64\www\ecoeducar\painel\system\Model.php(330): CodeIgniter\Database\BaseBuilder->get()
#4 C:\wamp64\www\ecoeducar\painel\system\BaseModel.php(713): CodeIgniter\Model->doFirst()
#5 C:\wamp64\www\ecoeducar\painel\app\Controllers\Auth.php(35): CodeIgniter\BaseModel->first()
#6 C:\wamp64\www\ecoeducar\painel\system\CodeIgniter.php(933): App\Controllers\Auth->processLogin()
#7 C:\wamp64\www\ecoeducar\painel\system\CodeIgniter.php(509): CodeIgniter\CodeIgniter->runController(Object(App\Controllers\Auth))
#8 C:\wamp64\www\ecoeducar\painel\system\CodeIgniter.php(355): CodeIgniter\CodeIgniter->handleRequest(NULL, Object(Config\Cache), false)
#9 C:\wamp64\www\ecoeducar\painel\system\Boot.php(334): CodeIgniter\CodeIgniter->run()
#10 C:\wamp64\www\ecoeducar\painel\system\Boot.php(67): CodeIgniter\Boot::runCodeIgniter(Object(CodeIgniter\CodeIgniter))
#11 C:\wamp64\www\ecoeducar\painel\public\index.php(56): CodeIgniter\Boot::bootWeb(Object(Config\Paths))
#12 {main}
CRITICAL - 2024-12-30 20:20:17 --> CodeIgniter\Database\Exceptions\DatabaseException: Unable to connect to the database.
Main connection [MySQLi]: Unknown database 'acoeducar'
[Method: POST, Route: validate-login]
in SYSTEMPATH\Database\BaseConnection.php on line 467.
 1 SYSTEMPATH\Database\BaseConnection.php(616): CodeIgniter\Database\BaseConnection->initialize()
 2 SYSTEMPATH\Database\BaseBuilder.php(1644): CodeIgniter\Database\BaseConnection->query('SELECT *
FROM `users`
WHERE `email` = :email:
AND `deleted_at` IS NULL
AND `users`.`deleted_at` IS NULL
 LIMIT 1', [...], false)
 3 SYSTEMPATH\Model.php(330): CodeIgniter\Database\BaseBuilder->get()
 4 SYSTEMPATH\BaseModel.php(713): CodeIgniter\Model->doFirst()
 5 APPPATH\Controllers\Auth.php(35): CodeIgniter\BaseModel->first()
 6 SYSTEMPATH\CodeIgniter.php(933): App\Controllers\Auth->processLogin()
 7 SYSTEMPATH\CodeIgniter.php(509): CodeIgniter\CodeIgniter->runController(Object(App\Controllers\Auth))
 8 SYSTEMPATH\CodeIgniter.php(355): CodeIgniter\CodeIgniter->handleRequest(null, Object(Config\Cache), false)
 9 SYSTEMPATH\Boot.php(334): CodeIgniter\CodeIgniter->run()
10 SYSTEMPATH\Boot.php(67): CodeIgniter\Boot::runCodeIgniter(Object(CodeIgniter\CodeIgniter))
11 FCPATH\index.php(56): CodeIgniter\Boot::bootWeb(Object(Config\Paths))
