CRITICAL - 2025-01-14 00:34:25 --> ErrorException: Undefined variable $post
[Method: GET, Route: posts]
in APPPATH\Views\templates\footer.php on line 41.
 1 APPPATH\Views\templates\footer.php(41): CodeIgniter\Debug\Exceptions->errorHandler(2, 'Undefined variable $post', 'C:\\wamp64\\www\\ecoeducar\\painel\\app\\Views\\templates\\footer.php', 41)
 2 SYSTEMPATH\View\View.php(234): include('C:\\wamp64\\www\\ecoeducar\\painel\\app\\Views\\templates\\footer.php')
 3 SYSTEMPATH\View\View.php(237): CodeIgniter\View\View->CodeIgniter\View\{closure}()
 4 SYSTEMPATH\Common.php(1171): CodeIgniter\View\View->render('templates/footer', [], true)
 5 APPPATH\Controllers\Posts.php(50): view('templates/footer', [...])
 6 SYSTEMPATH\CodeIgniter.php(933): App\Controllers\Posts->index()
 7 SYSTEMPATH\CodeIgniter.php(509): CodeIgniter\CodeIgniter->runController(Object(App\Controllers\Posts))
 8 SYSTEMPATH\CodeIgniter.php(355): CodeIgniter\CodeIgniter->handleRequest(null, Object(Config\Cache), false)
 9 SYSTEMPATH\Boot.php(334): CodeIgniter\CodeIgniter->run()
10 SYSTEMPATH\Boot.php(67): CodeIgniter\Boot::runCodeIgniter(Object(CodeIgniter\CodeIgniter))
11 FCPATH\index.php(56): CodeIgniter\Boot::bootWeb(Object(Config\Paths))
CRITICAL - 2025-01-14 00:35:28 --> ErrorException: Undefined variable $post
[Method: GET, Route: posts]
in APPPATH\Views\templates\footer.php on line 41.
 1 APPPATH\Views\templates\footer.php(41): CodeIgniter\Debug\Exceptions->errorHandler(2, 'Undefined variable $post', 'C:\\wamp64\\www\\ecoeducar\\painel\\app\\Views\\templates\\footer.php', 41)
 2 SYSTEMPATH\View\View.php(234): include('C:\\wamp64\\www\\ecoeducar\\painel\\app\\Views\\templates\\footer.php')
 3 SYSTEMPATH\View\View.php(237): CodeIgniter\View\View->CodeIgniter\View\{closure}()
 4 SYSTEMPATH\Common.php(1171): CodeIgniter\View\View->render('templates/footer', [], true)
 5 APPPATH\Controllers\Posts.php(50): view('templates/footer', [...])
 6 SYSTEMPATH\CodeIgniter.php(933): App\Controllers\Posts->index()
 7 SYSTEMPATH\CodeIgniter.php(509): CodeIgniter\CodeIgniter->runController(Object(App\Controllers\Posts))
 8 SYSTEMPATH\CodeIgniter.php(355): CodeIgniter\CodeIgniter->handleRequest(null, Object(Config\Cache), false)
 9 SYSTEMPATH\Boot.php(334): CodeIgniter\CodeIgniter->run()
10 SYSTEMPATH\Boot.php(67): CodeIgniter\Boot::runCodeIgniter(Object(CodeIgniter\CodeIgniter))
11 FCPATH\index.php(56): CodeIgniter\Boot::bootWeb(Object(Config\Paths))
CRITICAL - 2025-01-14 01:50:16 --> ErrorException: Undefined array key "nome"
[Method: GET, Route: users]
in APPPATH\Views\users\index.php on line 59.
 1 APPPATH\Views\users\index.php(59): CodeIgniter\Debug\Exceptions->errorHandler(2, 'Undefined array key "nome"', 'C:\\wamp64\\www\\ecoeducar\\painel\\app\\Views\\users\\index.php', 59)
 2 SYSTEMPATH\View\View.php(234): include('C:\\wamp64\\www\\ecoeducar\\painel\\app\\Views\\users\\index.php')
 3 SYSTEMPATH\View\View.php(237): CodeIgniter\View\View->CodeIgniter\View\{closure}()
 4 SYSTEMPATH\Common.php(1171): CodeIgniter\View\View->render('users/index', [], true)
 5 APPPATH\Controllers\Users.php(46): view('users/index', [...])
 6 SYSTEMPATH\CodeIgniter.php(933): App\Controllers\Users->index()
 7 SYSTEMPATH\CodeIgniter.php(509): CodeIgniter\CodeIgniter->runController(Object(App\Controllers\Users))
 8 SYSTEMPATH\CodeIgniter.php(355): CodeIgniter\CodeIgniter->handleRequest(null, Object(Config\Cache), false)
 9 SYSTEMPATH\Boot.php(334): CodeIgniter\CodeIgniter->run()
10 SYSTEMPATH\Boot.php(67): CodeIgniter\Boot::runCodeIgniter(Object(CodeIgniter\CodeIgniter))
11 FCPATH\index.php(56): CodeIgniter\Boot::bootWeb(Object(Config\Paths))
CRITICAL - 2025-01-14 02:33:31 --> ErrorException: Undefined array key "senha"
[Method: GET, Route: users/edit/3]
in APPPATH\Views\users\form.php on line 54.
 1 APPPATH\Views\users\form.php(54): CodeIgniter\Debug\Exceptions->errorHandler(2, 'Undefined array key "senha"', 'C:\\wamp64\\www\\ecoeducar\\painel\\app\\Views\\users\\form.php', 54)
 2 SYSTEMPATH\View\View.php(234): include('C:\\wamp64\\www\\ecoeducar\\painel\\app\\Views\\users\\form.php')
 3 SYSTEMPATH\View\View.php(237): CodeIgniter\View\View->CodeIgniter\View\{closure}()
 4 SYSTEMPATH\Common.php(1171): CodeIgniter\View\View->render('users/form', [], true)
 5 APPPATH\Controllers\Users.php(114): view('users/form', [...])
 6 SYSTEMPATH\CodeIgniter.php(933): App\Controllers\Users->edit('3')
 7 SYSTEMPATH\CodeIgniter.php(509): CodeIgniter\CodeIgniter->runController(Object(App\Controllers\Users))
 8 SYSTEMPATH\CodeIgniter.php(355): CodeIgniter\CodeIgniter->handleRequest(null, Object(Config\Cache), false)
 9 SYSTEMPATH\Boot.php(334): CodeIgniter\CodeIgniter->run()
10 SYSTEMPATH\Boot.php(67): CodeIgniter\Boot::runCodeIgniter(Object(CodeIgniter\CodeIgniter))
11 FCPATH\index.php(56): CodeIgniter\Boot::bootWeb(Object(Config\Paths))
